生成启动时间为 2017/2/25 21:19:12。
     1>项目“E:\Projects\Longest Palindromic Substring\Longest Palindromic Substring\Longest Palindromic Substring.vcxproj”在节点 2 上(build 个目标)。
     1>InitializeBuildStatus:
         正在创建“Debug\Longest Palindromic Substring.unsuccessfulbuild”，因为已指定“AlwaysCreate”。
       ClCompile:
         所有输出均为最新。
         C:\Program Files (x86)\Microsoft Visual Studio 10.0\VC\bin\CL.exe /c /ZI /nologo /W3 /WX- /Od /Oy- /D WIN32 /D _DEBUG /D _CONSOLE /D _UNICODE /D UNICODE /Gm /EHsc /RTC1 /MDd /GS /fp:precise /Zc:wchar_t /Zc:forScope /Yu"StdAfx.h" /Fp"Debug\Longest Palindromic Substring.pch" /Fo"Debug\\" /Fd"Debug\vc100.pdb" /Gd /TP /analyze- /errorReport:prompt "Longest Palindromic Substring.cpp"
         Longest Palindromic Substring.cpp
     1>e:\projects\longest palindromic substring\longest palindromic substring\longest palindromic substring.cpp(15): warning C4018: “<”: 有符号/无符号不匹配
     1>e:\projects\longest palindromic substring\longest palindromic substring\longest palindromic substring.cpp(18): warning C4018: “<”: 有符号/无符号不匹配
     1>e:\projects\longest palindromic substring\longest palindromic substring\longest palindromic substring.cpp(21): warning C4018: “<”: 有符号/无符号不匹配
     1>e:\projects\longest palindromic substring\longest palindromic substring\longest palindromic substring.cpp(36): warning C4018: “<”: 有符号/无符号不匹配
       ManifestResourceCompile:
         所有输出均为最新。
       Link:
         C:\Program Files (x86)\Microsoft Visual Studio 10.0\VC\bin\link.exe /ERRORREPORT:PROMPT /OUT:"E:\Projects\Longest Palindromic Substring\Debug\Longest Palindromic Substring.exe" /INCREMENTAL /NOLOGO kernel32.lib user32.lib gdi32.lib winspool.lib comdlg32.lib advapi32.lib shell32.lib ole32.lib oleaut32.lib uuid.lib odbc32.lib odbccp32.lib /MANIFEST /ManifestFile:"Debug\Longest Palindromic Substring.exe.intermediate.manifest" /MANIFESTUAC:"level='asInvoker' uiAccess='false'" /DEBUG /PDB:"E:\Projects\Longest Palindromic Substring\Debug\Longest Palindromic Substring.pdb" /SUBSYSTEM:CONSOLE /TLBID:1 /DYNAMICBASE /NXCOMPAT /IMPLIB:"E:\Projects\Longest Palindromic Substring\Debug\Longest Palindromic Substring.lib" /MACHINE:X86 "Debug\Longest Palindromic Substring.exe.embed.manifest.res"
         "Debug\Longest Palindromic Substring.obj"
         Debug\stdafx.obj
       Manifest:
         C:\Program Files (x86)\Microsoft SDKs\Windows\v7.0A\bin\mt.exe /nologo /verbose /out:"Debug\Longest Palindromic Substring.exe.embed.manifest" /manifest "Debug\Longest Palindromic Substring.exe.intermediate.manifest"
         所有输出均为最新。
       LinkEmbedManifest:
         所有输出均为最新。
         Longest Palindromic Substring.vcxproj -> E:\Projects\Longest Palindromic Substring\Debug\Longest Palindromic Substring.exe
       FinalizeBuildStatus:
         正在删除文件“Debug\Longest Palindromic Substring.unsuccessfulbuild”。
         正在对“Debug\Longest Palindromic Substring.lastbuildstate”执行 Touch 任务。
     1>已完成生成项目“E:\Projects\Longest Palindromic Substring\Longest Palindromic Substring\Longest Palindromic Substring.vcxproj”(build 个目标)的操作。

生成成功。

已用时间 00:00:00.81
