生成启动时间为 2017/3/24 18:53:22。
     1>项目“E:\Projects\NetFlow\NetFlow\NetFlow.vcxproj”在节点 2 上(build 个目标)。
     1>InitializeBuildStatus:
         正在创建“Debug\NetFlow.unsuccessfulbuild”，因为已指定“AlwaysCreate”。
       ClCompile:
         所有输出均为最新。
         C:\Program Files (x86)\Microsoft Visual Studio 10.0\VC\bin\CL.exe /c /ZI /nologo /W3 /WX- /Od /Oy- /D WIN32 /D _DEBUG /D _CONSOLE /D _UNICODE /D UNICODE /Gm /EHsc /RTC1 /MDd /GS /fp:precise /Zc:wchar_t /Zc:forScope /Yu"StdAfx.h" /Fp"Debug\NetFlow.pch" /Fo"Debug\\" /Fd"Debug\vc100.pdb" /Gd /TP /analyze- /errorReport:prompt NetFlow.cpp
         NetFlow.cpp
     1>e:\projects\netflow\netflow\netflow.cpp(148): warning C4101: “dif”: 未引用的局部变量
       Link:
         C:\Program Files (x86)\Microsoft Visual Studio 10.0\VC\bin\link.exe /ERRORREPORT:PROMPT /OUT:"E:\Projects\NetFlow\Debug\NetFlow.exe" /INCREMENTAL /NOLOGO kernel32.lib user32.lib gdi32.lib winspool.lib comdlg32.lib advapi32.lib shell32.lib ole32.lib oleaut32.lib uuid.lib odbc32.lib odbccp32.lib /MANIFEST /ManifestFile:"Debug\NetFlow.exe.intermediate.manifest" /MANIFESTUAC:"level='asInvoker' uiAccess='false'" /DEBUG /PDB:"E:\Projects\NetFlow\Debug\NetFlow.pdb" /SUBSYSTEM:CONSOLE /TLBID:1 /DYNAMICBASE /NXCOMPAT /IMPLIB:"E:\Projects\NetFlow\Debug\NetFlow.lib" /MACHINE:X86 Debug\NetFlow.obj
         Debug\stdafx.obj
         NetFlow.vcxproj -> E:\Projects\NetFlow\Debug\NetFlow.exe
       Manifest:
         C:\Program Files (x86)\Microsoft SDKs\Windows\v7.0A\bin\mt.exe /nologo /verbose /out:"E:\Projects\NetFlow\Debug\NetFlow.exe.manifest" /manifest Debug\NetFlow.exe.intermediate.manifest
       FinalizeBuildStatus:
         正在删除文件“Debug\NetFlow.unsuccessfulbuild”。
         正在对“Debug\NetFlow.lastbuildstate”执行 Touch 任务。
     1>已完成生成项目“E:\Projects\NetFlow\NetFlow\NetFlow.vcxproj”(build 个目标)的操作。

生成成功。

已用时间 00:00:01.12
