生成启动时间为 2016/10/31 1:04:03。
     1>项目“E:\Projects\Cow_num\Cow_num\Cow_num.vcxproj”在节点 2 上(build 个目标)。
     1>InitializeBuildStatus:
         正在创建“Debug\Cow_num.unsuccessfulbuild”，因为已指定“AlwaysCreate”。
       ClCompile:
         所有输出均为最新。
         C:\Program Files (x86)\Microsoft Visual Studio 10.0\VC\bin\CL.exe /c /ZI /nologo /W3 /WX- /Od /Oy- /D WIN32 /D _DEBUG /D _CONSOLE /D _UNICODE /D UNICODE /Gm /EHsc /RTC1 /MDd /GS /fp:precise /Zc:wchar_t /Zc:forScope /Yu"StdAfx.h" /Fp"Debug\Cow_num.pch" /Fo"Debug\\" /Fd"Debug\vc100.pdb" /Gd /TP /analyze- /errorReport:prompt Cow_num.cpp
         Cow_num.cpp
     1>e:\projects\cow_num\cow_num\cow_num.cpp(65): warning C4018: “<”: 有符号/无符号不匹配
     1>e:\projects\cow_num\cow_num\cow_num.cpp(81): warning C4018: “<”: 有符号/无符号不匹配
     1>e:\projects\cow_num\cow_num\cow_num.cpp(118): warning C4018: “<”: 有符号/无符号不匹配
     1>e:\projects\cow_num\cow_num\cow_num.cpp(133): warning C4018: “<”: 有符号/无符号不匹配
     1>e:\projects\cow_num\cow_num\cow_num.cpp(147): warning C4018: “<”: 有符号/无符号不匹配
     1>e:\projects\cow_num\cow_num\cow_num.cpp(151): warning C4018: “<”: 有符号/无符号不匹配
     1>e:\projects\cow_num\cow_num\cow_num.cpp(159): warning C4018: “<”: 有符号/无符号不匹配
     1>e:\projects\cow_num\cow_num\cow_num.cpp(163): warning C4018: “<”: 有符号/无符号不匹配
       ManifestResourceCompile:
         所有输出均为最新。
       Link:
         C:\Program Files (x86)\Microsoft Visual Studio 10.0\VC\bin\link.exe /ERRORREPORT:PROMPT /OUT:"E:\Projects\Cow_num\Debug\Cow_num.exe" /INCREMENTAL /NOLOGO kernel32.lib user32.lib gdi32.lib winspool.lib comdlg32.lib advapi32.lib shell32.lib ole32.lib oleaut32.lib uuid.lib odbc32.lib odbccp32.lib /MANIFEST /ManifestFile:"Debug\Cow_num.exe.intermediate.manifest" /MANIFESTUAC:"level='asInvoker' uiAccess='false'" /DEBUG /PDB:"E:\Projects\Cow_num\Debug\Cow_num.pdb" /SUBSYSTEM:CONSOLE /TLBID:1 /DYNAMICBASE /NXCOMPAT /IMPLIB:"E:\Projects\Cow_num\Debug\Cow_num.lib" /MACHINE:X86 Debug\Cow_num.exe.embed.manifest.res
         Debug\Cow_num.obj
         Debug\stdafx.obj
       Manifest:
         C:\Program Files (x86)\Microsoft SDKs\Windows\v7.0A\bin\mt.exe /nologo /verbose /out:"Debug\Cow_num.exe.embed.manifest" /manifest Debug\Cow_num.exe.intermediate.manifest
         所有输出均为最新。
       LinkEmbedManifest:
         所有输出均为最新。
         Cow_num.vcxproj -> E:\Projects\Cow_num\Debug\Cow_num.exe
       FinalizeBuildStatus:
         正在删除文件“Debug\Cow_num.unsuccessfulbuild”。
         正在对“Debug\Cow_num.lastbuildstate”执行 Touch 任务。
     1>已完成生成项目“E:\Projects\Cow_num\Cow_num\Cow_num.vcxproj”(build 个目标)的操作。

生成成功。

已用时间 00:00:00.83
